2021/05/15 00:26:57 [notice] 739771#739771: using the "epoll" event method
2021/05/15 00:26:57 [notice] 739771#739771: nginx/1.20.0
2021/05/15 00:26:57 [notice] 739771#739771: built by gcc 9.3.0 (Ubuntu 9.3.0-10ubuntu2) 
2021/05/15 00:26:57 [notice] 739771#739771: OS: Linux 5.4.0-72-generic
2021/05/15 00:26:57 [notice] 739771#739771: getrlimit(RLIMIT_NOFILE): 1024:524288
2021/05/15 00:26:57 [notice] 739772#739772: start worker processes
2021/05/15 00:26:57 [notice] 739772#739772: start worker process 739773
2021/05/15 00:26:57 [notice] 739772#739772: start worker process 739774
2021/05/15 00:39:26 [notice] 739772#739772: signal 15 (SIGTERM) received from 740449, exiting
2021/05/15 00:39:26 [notice] 739773#739773: exiting
2021/05/15 00:39:26 [notice] 739773#739773: exit
2021/05/15 00:39:26 [notice] 739774#739774: exiting
2021/05/15 00:39:26 [notice] 739774#739774: exit
2021/05/15 00:39:26 [notice] 739772#739772: signal 15 (SIGTERM) received from 1, exiting
2021/05/15 00:39:26 [notice] 739772#739772: signal 17 (SIGCHLD) received from 739773
2021/05/15 00:39:26 [notice] 739772#739772: worker process 739773 exited with code 0
2021/05/15 00:39:26 [notice] 739772#739772: signal 29 (SIGIO) received
2021/05/15 00:39:26 [notice] 739772#739772: signal 17 (SIGCHLD) received from 739774
2021/05/15 00:39:26 [notice] 739772#739772: worker process 739774 exited with code 0
2021/05/15 00:39:26 [notice] 739772#739772: exit
2021/05/15 00:40:14 [notice] 740508#740508: using the "epoll" event method
2021/05/15 00:40:14 [notice] 740508#740508: nginx/1.20.0
2021/05/15 00:40:14 [notice] 740508#740508: built by gcc 9.3.0 (Ubuntu 9.3.0-10ubuntu2) 
2021/05/15 00:40:14 [notice] 740508#740508: OS: Linux 5.4.0-72-generic
2021/05/15 00:40:14 [notice] 740508#740508: getrlimit(RLIMIT_NOFILE): 1024:524288
2021/05/15 00:40:14 [notice] 740523#740523: start worker processes
2021/05/15 00:40:14 [notice] 740523#740523: start worker process 740524
2021/05/15 00:40:14 [notice] 740523#740523: start worker process 740525
2021/05/15 00:41:17 [error] 740525#740525: *1 connect() failed (111: Connection refused) while connecting to upstream, client: 210.30.107.48, server: localshiny.org, request: "GET / HTTP/1.1", upstream: "uwsgi://127.0.0.1:5000", host: "www.localshiny.org", referrer: "https://www.localshiny.org/apps"
2021/05/15 01:06:58 [notice] 740523#740523: signal 15 (SIGTERM) received from 742428, exiting
2021/05/15 01:06:58 [notice] 740524#740524: exiting
2021/05/15 01:06:58 [notice] 740525#740525: exiting
2021/05/15 01:06:58 [notice] 740525#740525: exit
2021/05/15 01:06:58 [notice] 740524#740524: exit
2021/05/15 01:06:58 [notice] 740525#740525: signal 15 (SIGTERM) received from 742428, exiting
2021/05/15 01:06:58 [notice] 740523#740523: signal 17 (SIGCHLD) received from 740524
2021/05/15 01:06:58 [notice] 740523#740523: worker process 740524 exited with code 0
2021/05/15 01:06:58 [notice] 740523#740523: signal 29 (SIGIO) received
2021/05/15 01:06:58 [notice] 740523#740523: signal 17 (SIGCHLD) received from 740525
2021/05/15 01:06:58 [notice] 740523#740523: worker process 740525 exited with code 0
2021/05/15 01:06:58 [notice] 740523#740523: exit
2021/05/15 01:07:49 [notice] 742597#742597: using the "epoll" event method
2021/05/15 01:07:49 [notice] 742597#742597: nginx/1.20.0
2021/05/15 01:07:49 [notice] 742597#742597: built by gcc 9.3.0 (Ubuntu 9.3.0-10ubuntu2) 
2021/05/15 01:07:49 [notice] 742597#742597: OS: Linux 5.4.0-72-generic
2021/05/15 01:07:49 [notice] 742597#742597: getrlimit(RLIMIT_NOFILE): 1024:524288
2021/05/15 01:07:49 [notice] 742612#742612: start worker processes
2021/05/15 01:07:49 [notice] 742612#742612: start worker process 742618
2021/05/15 01:07:49 [notice] 742612#742612: start worker process 742619
2021/05/15 05:10:01 [notice] 742612#742612: signal 15 (SIGTERM) received from 753826, exiting
2021/05/15 05:10:01 [notice] 742618#742618: exiting
2021/05/15 05:10:01 [notice] 742612#742612: signal 15 (SIGTERM) received from 1, exiting
2021/05/15 05:10:01 [notice] 742618#742618: signal 15 (SIGTERM) received from 1, exiting
2021/05/15 05:10:01 [notice] 742618#742618: exit
2021/05/15 05:10:01 [notice] 742619#742619: signal 15 (SIGTERM) received from 1, exiting
2021/05/15 05:10:01 [notice] 742619#742619: exiting
2021/05/15 05:10:01 [notice] 742619#742619: exit
2021/05/15 05:10:01 [notice] 742612#742612: signal 17 (SIGCHLD) received from 742618
2021/05/15 05:10:01 [notice] 742612#742612: worker process 742618 exited with code 0
2021/05/15 05:10:01 [notice] 742612#742612: signal 29 (SIGIO) received
2021/05/15 05:10:01 [notice] 742612#742612: signal 17 (SIGCHLD) received from 742619
2021/05/15 05:10:01 [notice] 742612#742612: worker process 742619 exited with code 0
2021/05/15 05:10:01 [notice] 742612#742612: exit
2021/05/15 05:10:01 [notice] 753827#753827: using the "epoll" event method
2021/05/15 05:10:01 [notice] 753827#753827: nginx/1.20.0
2021/05/15 05:10:01 [notice] 753827#753827: built by gcc 9.3.0 (Ubuntu 9.3.0-10ubuntu2) 
2021/05/15 05:10:01 [notice] 753827#753827: OS: Linux 5.4.0-72-generic
2021/05/15 05:10:01 [notice] 753827#753827: getrlimit(RLIMIT_NOFILE): 1024:524288
2021/05/15 05:10:01 [notice] 753841#753841: start worker processes
2021/05/15 05:10:01 [notice] 753841#753841: start worker process 753842
2021/05/15 05:10:01 [notice] 753841#753841: start worker process 753843
2021/05/15 05:10:11 [notice] 753841#753841: signal 15 (SIGTERM) received from 753862, exiting
2021/05/15 05:10:11 [notice] 753842#753842: exiting
2021/05/15 05:10:11 [notice] 753842#753842: exit
2021/05/15 05:10:11 [notice] 753843#753843: exiting
2021/05/15 05:10:11 [notice] 753843#753843: exit
2021/05/15 05:10:11 [notice] 753842#753842: signal 15 (SIGTERM) received from 1, exiting
2021/05/15 05:10:11 [notice] 753841#753841: signal 15 (SIGTERM) received from 1, exiting
2021/05/15 05:10:11 [notice] 753841#753841: signal 17 (SIGCHLD) received from 753843
2021/05/15 05:10:11 [notice] 753841#753841: worker process 753843 exited with code 0
2021/05/15 05:10:11 [notice] 753841#753841: signal 29 (SIGIO) received
2021/05/15 05:10:11 [notice] 753841#753841: signal 17 (SIGCHLD) received from 753842
2021/05/15 05:10:11 [notice] 753841#753841: worker process 753842 exited with code 0
2021/05/15 05:10:11 [notice] 753841#753841: exit
2021/05/15 05:10:25 [notice] 753887#753887: using the "epoll" event method
2021/05/15 05:10:25 [notice] 753887#753887: nginx/1.20.0
2021/05/15 05:10:25 [notice] 753887#753887: built by gcc 9.3.0 (Ubuntu 9.3.0-10ubuntu2) 
2021/05/15 05:10:25 [notice] 753887#753887: OS: Linux 5.4.0-72-generic
2021/05/15 05:10:25 [notice] 753887#753887: getrlimit(RLIMIT_NOFILE): 1024:524288
2021/05/15 05:10:25 [notice] 753904#753904: start worker processes
2021/05/15 05:10:25 [notice] 753904#753904: start worker process 753905
2021/05/15 05:10:25 [notice] 753904#753904: start worker process 753906
2021/05/15 05:37:17 [notice] 753904#753904: signal 15 (SIGTERM) received from 765656, exiting
2021/05/15 05:37:17 [notice] 753906#753906: signal 15 (SIGTERM) received from 1, exiting
2021/05/15 05:37:17 [notice] 753904#753904: signal 15 (SIGTERM) received from 1, exiting
2021/05/15 05:37:17 [notice] 753905#753905: signal 15 (SIGTERM) received from 1, exiting
2021/05/15 05:37:17 [notice] 753906#753906: exiting
2021/05/15 05:37:17 [notice] 753905#753905: exiting
2021/05/15 05:37:17 [notice] 753905#753905: exit
2021/05/15 05:37:17 [notice] 753906#753906: exit
2021/05/15 05:37:17 [notice] 753904#753904: signal 17 (SIGCHLD) received from 753906
2021/05/15 05:37:17 [notice] 753904#753904: worker process 753906 exited with code 0
2021/05/15 05:37:17 [notice] 753904#753904: signal 29 (SIGIO) received
2021/05/15 05:37:17 [notice] 753904#753904: signal 17 (SIGCHLD) received from 753905
2021/05/15 05:37:17 [notice] 753904#753904: worker process 753905 exited with code 0
2021/05/15 05:37:17 [notice] 753904#753904: exit
2021/05/15 05:37:21 [notice] 765682#765682: using the "epoll" event method
2021/05/15 05:37:21 [notice] 765682#765682: nginx/1.20.0
2021/05/15 05:37:21 [notice] 765682#765682: built by gcc 9.3.0 (Ubuntu 9.3.0-10ubuntu2) 
2021/05/15 05:37:21 [notice] 765682#765682: OS: Linux 5.4.0-72-generic
2021/05/15 05:37:21 [notice] 765682#765682: getrlimit(RLIMIT_NOFILE): 1024:524288
2021/05/15 05:37:21 [notice] 765696#765696: start worker processes
2021/05/15 05:37:21 [notice] 765696#765696: start worker process 765697
2021/05/15 05:37:21 [notice] 765696#765696: start worker process 765698
2021/05/15 07:23:22 [notice] 765696#765696: signal 15 (SIGTERM) received from 770551, exiting
2021/05/15 07:23:22 [notice] 765698#765698: exiting
2021/05/15 07:23:22 [notice] 765697#765697: exiting
2021/05/15 07:23:22 [notice] 765698#765698: exit
2021/05/15 07:23:22 [notice] 765697#765697: exit
2021/05/15 07:23:22 [notice] 765697#765697: signal 15 (SIGTERM) received from 770551, exiting
2021/05/15 07:23:22 [notice] 765696#765696: signal 17 (SIGCHLD) received from 765697
2021/05/15 07:23:22 [notice] 765696#765696: worker process 765697 exited with code 0
2021/05/15 07:23:22 [notice] 765696#765696: signal 29 (SIGIO) received
2021/05/15 07:23:22 [notice] 765696#765696: signal 17 (SIGCHLD) received from 765698
2021/05/15 07:23:22 [notice] 765696#765696: worker process 765698 exited with code 0
2021/05/15 07:23:22 [notice] 765696#765696: exit
2021/05/15 07:24:11 [notice] 770779#770779: using the "epoll" event method
2021/05/15 07:24:11 [notice] 770779#770779: nginx/1.20.0
2021/05/15 07:24:11 [notice] 770779#770779: built by gcc 9.3.0 (Ubuntu 9.3.0-10ubuntu2) 
2021/05/15 07:24:11 [notice] 770779#770779: OS: Linux 5.4.0-72-generic
2021/05/15 07:24:11 [notice] 770779#770779: getrlimit(RLIMIT_NOFILE): 1024:524288
2021/05/15 07:24:11 [notice] 770789#770789: start worker processes
2021/05/15 07:24:11 [notice] 770789#770789: start worker process 770790
2021/05/15 07:24:11 [notice] 770789#770789: start worker process 770791
2021/05/15 07:27:57 [error] 770790#770790: *18 connect() failed (111: Connection refused) while connecting to upstream, client: 119.28.71.30, server: localshiny.org, request: "GET / HTTP/1.1", upstream: "uwsgi://127.0.0.1:5000", host: "www.localshiny.org", referrer: "https://www.localshiny.org/about"
2021/05/15 07:28:00 [error] 770790#770790: *18 connect() failed (111: Connection refused) while connecting to upstream, client: 119.28.71.30, server: localshiny.org, request: "GET /favicon.ico HTTP/1.1", upstream: "uwsgi://127.0.0.1:5000", host: "www.localshiny.org", referrer: "https://www.localshiny.org/"
2021/05/15 07:28:12 [error] 770790#770790: *21 connect() failed (111: Connection refused) while connecting to upstream, client: 119.28.71.30, server: localshiny.org, request: "GET /apps HTTP/1.1", upstream: "uwsgi://127.0.0.1:5000", host: "www.localshiny.org", referrer: "https://www.localshiny.org/apps"
2021/05/15 07:28:44 [notice] 772063#772063: using the "epoll" event method
2021/05/15 07:28:44 [notice] 772063#772063: nginx/1.20.0
2021/05/15 07:28:44 [notice] 772063#772063: built by gcc 9.3.0 (Ubuntu 9.3.0-10ubuntu2) 
2021/05/15 07:28:44 [notice] 772063#772063: OS: Linux 5.4.0-72-generic
2021/05/15 07:28:44 [notice] 772063#772063: getrlimit(RLIMIT_NOFILE): 1024:524288
2021/05/15 07:28:44 [notice] 772064#772064: start worker processes
2021/05/15 07:28:44 [notice] 772064#772064: start worker process 772065
2021/05/15 07:28:44 [notice] 772064#772064: start worker process 772066
2021/05/15 08:49:48 [crit] 772066#772066: *57 SSL_do_handshake() failed (SSL: error:14201044:SSL routines:tls_choose_sigalg:internal error) while SSL handshaking, client: 64.41.200.108, server: 0.0.0.0:443
2021/05/15 08:50:11 [crit] 772066#772066: *155 SSL_do_handshake() failed (SSL: error:14201044:SSL routines:tls_choose_sigalg:internal error) while SSL handshaking, client: 64.41.200.112, server: 0.0.0.0:443
2021/05/15 22:10:49 [notice] 772064#772064: signal 15 (SIGTERM) received from 811975, exiting
2021/05/15 22:10:49 [notice] 772065#772065: exiting
2021/05/15 22:10:49 [notice] 772065#772065: signal 15 (SIGTERM) received from 1, exiting
2021/05/15 22:10:49 [notice] 772065#772065: exit
2021/05/15 22:10:49 [notice] 772064#772064: signal 15 (SIGTERM) received from 1, exiting
2021/05/15 22:10:49 [notice] 772066#772066: signal 15 (SIGTERM) received from 1, exiting
2021/05/15 22:10:49 [notice] 772066#772066: exiting
2021/05/15 22:10:49 [notice] 772066#772066: exit
2021/05/15 22:10:49 [notice] 772064#772064: signal 17 (SIGCHLD) received from 772065
2021/05/15 22:10:49 [notice] 772064#772064: worker process 772065 exited with code 0
2021/05/15 22:10:49 [notice] 772064#772064: worker process 772066 exited with code 0
2021/05/15 22:10:49 [notice] 772064#772064: exit
2021/05/16 11:10:49 [notice] 811976#811976: using the "epoll" event method
2021/05/16 11:10:49 [notice] 811976#811976: nginx/1.20.0
2021/05/16 11:10:49 [notice] 811976#811976: built by gcc 9.3.0 (Ubuntu 9.3.0-10ubuntu2) 
2021/05/16 11:10:49 [notice] 811976#811976: OS: Linux 5.4.0-72-generic
2021/05/16 11:10:49 [notice] 811976#811976: getrlimit(RLIMIT_NOFILE): 1024:524288
2021/05/16 11:10:49 [notice] 811990#811990: start worker processes
2021/05/16 11:10:49 [notice] 811990#811990: start worker process 811992
2021/05/16 11:10:49 [notice] 811990#811990: start worker process 811993
2021/05/16 11:12:17 [notice] 811990#811990: signal 15 (SIGTERM) received from 812189, exiting
2021/05/16 11:12:17 [notice] 811990#811990: signal 15 (SIGTERM) received from 1, exiting
2021/05/16 11:12:17 [notice] 811993#811993: signal 15 (SIGTERM) received from 1, exiting
2021/05/16 11:12:17 [notice] 811993#811993: exiting
2021/05/16 11:12:17 [notice] 811993#811993: exit
2021/05/16 11:12:17 [notice] 811992#811992: signal 15 (SIGTERM) received from 1, exiting
2021/05/16 11:12:17 [notice] 811992#811992: exiting
2021/05/16 11:12:17 [notice] 811992#811992: exit
2021/05/16 11:12:17 [notice] 811990#811990: signal 17 (SIGCHLD) received from 811993
2021/05/16 11:12:17 [notice] 811990#811990: worker process 811993 exited with code 0
2021/05/16 11:12:17 [notice] 811990#811990: signal 29 (SIGIO) received
2021/05/16 11:12:17 [notice] 811990#811990: signal 17 (SIGCHLD) received from 811992
2021/05/16 11:12:17 [notice] 811990#811990: worker process 811992 exited with code 0
2021/05/16 11:12:17 [notice] 811990#811990: exit
2021/05/16 11:12:31 [notice] 812210#812210: using the "epoll" event method
2021/05/16 11:12:31 [notice] 812210#812210: nginx/1.20.0
2021/05/16 11:12:31 [notice] 812210#812210: built by gcc 9.3.0 (Ubuntu 9.3.0-10ubuntu2) 
2021/05/16 11:12:31 [notice] 812210#812210: OS: Linux 5.4.0-72-generic
2021/05/16 11:12:31 [notice] 812210#812210: getrlimit(RLIMIT_NOFILE): 1024:524288
2021/05/16 11:12:31 [notice] 812226#812226: start worker processes
2021/05/16 11:12:31 [notice] 812226#812226: start worker process 812227
2021/05/16 11:12:31 [notice] 812226#812226: start worker process 812228
2021/05/18 18:49:52 [crit] 812227#812227: *1919 SSL_do_handshake() failed (SSL: error:14201044:SSL routines:tls_choose_sigalg:internal error) while SSL handshaking, client: 146.6.161.104, server: 0.0.0.0:443
2021/05/18 18:52:14 [crit] 812227#812227: *1924 SSL_do_handshake() failed (SSL: error:14201044:SSL routines:tls_choose_sigalg:internal error) while SSL handshaking, client: 146.6.161.104, server: 0.0.0.0:443
2021/05/18 18:52:14 [crit] 812227#812227: *1926 SSL_do_handshake() failed (SSL: error:14201044:SSL routines:tls_choose_sigalg:internal error) while SSL handshaking, client: 146.6.161.104, server: 0.0.0.0:443
2021/05/18 18:52:14 [crit] 812228#812228: *1927 SSL_do_handshake() failed (SSL: error:14201044:SSL routines:tls_choose_sigalg:internal error) while SSL handshaking, client: 146.6.161.104, server: 0.0.0.0:443
2021/05/18 18:52:17 [crit] 812227#812227: *1936 SSL_do_handshake() failed (SSL: error:14201044:SSL routines:tls_choose_sigalg:internal error) while SSL handshaking, client: 146.6.161.104, server: 0.0.0.0:443
2021/05/18 18:52:17 [crit] 812227#812227: *1937 SSL_do_handshake() failed (SSL: error:14201044:SSL routines:tls_choose_sigalg:internal error) while SSL handshaking, client: 146.6.161.104, server: 0.0.0.0:443
2021/05/18 18:52:17 [crit] 812228#812228: *1940 SSL_do_handshake() failed (SSL: error:14201044:SSL routines:tls_choose_sigalg:internal error) while SSL handshaking, client: 146.6.161.104, server: 0.0.0.0:443
2021/05/19 09:16:40 [error] 812227#812227: *2095 readv() failed (104: Connection reset by peer) while reading upstream, client: 123.185.97.144, server: localshiny.org, request: "POST /api/upload HTTP/1.1", upstream: "uwsgi://127.0.0.1:5000", host: "www.localshiny.org"
2021/05/19 09:27:15 [error] 812227#812227: *2118 readv() failed (104: Connection reset by peer) while reading upstream, client: 123.185.97.144, server: localshiny.org, request: "POST /api/upload HTTP/1.1", upstream: "uwsgi://127.0.0.1:5000", host: "www.localshiny.org"
2021/05/19 13:44:42 [crit] 812227#812227: *2142 SSL_do_handshake() failed (SSL: error:14201044:SSL routines:tls_choose_sigalg:internal error) while SSL handshaking, client: 146.6.161.105, server: 0.0.0.0:443
